build/outputs/logs/manifest-merger-debug-report.txt
-- Merging decision tree log ---
manifest
ADDED from work_two\DebrisTravels\AndroidManifest.xml:2:1-68:12
	package
		ADDED from work_two\DebrisTravels\AndroidManifest.xml:3:5-40
	android:versionName
		ADDED from work_two\DebrisTravels\AndroidManifest.xml:5:5-30
		INJECTED from work_two\DebrisTravels\AndroidManifest.xml
		INJECTED from work_two\DebrisTravels\AndroidManifest.xml
	android:versionCode
		ADDED from work_two\DebrisTravels\AndroidManifest.xml:4:5-28
		INJECTED from work_two\DebrisTravels\AndroidManifest.xml
		INJECTED from work_two\DebrisTravels\AndroidManifest.xml
	xmlns:android
		ADDED from work_two\DebrisTravels\AndroidManifest.xml:2:11-69
uses-sdk
ADDED from work_two\DebrisTravels\AndroidManifest.xml:7:5-9:41
MERGED from [com.gyf.barlibrary:barlibrary:2.3.0] AndroidManifest.xml:8:5-10:41
MERGED from [com.scwang.smartrefresh:SmartRefreshLayout:1.0.3] AndroidManifest.xml:7:5-9:41
MERGED from [com.android.support:design:26.0.0-alpha1] AndroidManifest.xml:21:5-23:62
MERGED from [com.android.support:recyclerview-v7:26.0.0-alpha1] AndroidManifest.xml:20:5-44
MERGED from [com.android.support:transition:26.0.0-alpha1] AndroidManifest.xml:20:5-44
MERGED from [com.android.support:appcompat-v7:26.0.0-alpha1] AndroidManifest.xml:21:5-23:78
MERGED from [com.android.support:animated-vector-drawable:26.0.0-alpha1] AndroidManifest.xml:20:5-44
MERGED from [com.android.support:support-vector-drawable:26.0.0-alpha1] AndroidManifest.xml:20:5-44
MERGED from [com.android.support:support-v13:26.0.0-alpha1] AndroidManifest.xml:21:5-23:55
MERGED from [com.android.support:support-v4:26.0.0-alpha1] AndroidManifest.xml:21:5-23:54
MERGED from [com.android.support:support-media-compat:26.0.0-alpha1] AndroidManifest.xml:21:5-23:63
MERGED from [com.android.support:support-fragment:26.0.0-alpha1] AndroidManifest.xml:21:5-23:60
MERGED from [com.android.support:support-core-ui:26.0.0-alpha1] AndroidManifest.xml:21:5-23:58
MERGED from [com.android.support:support-core-utils:26.0.0-alpha1] AndroidManifest.xml:21:5-23:61
MERGED from [com.android.support:support-compat:26.0.0-alpha1] AndroidManifest.xml:21:5-23:58
	tools:overrideLibrary
		ADDED from [com.android.support:design:26.0.0-alpha1] AndroidManifest.xml:23:9-59
	android:targetSdkVersion
		ADDED from work_two\DebrisTravels\AndroidManifest.xml:9:9-38
	android:minSdkVersion
		ADDED from work_two\DebrisTravels\AndroidManifest.xml:8:9-35
uses-permission#android.permission.ACCESS_COARSE_LOCATION
ADDED from work_two\DebrisTravels\AndroidManifest.xml:11:5-80
	android:name
		ADDED from work_two\DebrisTravels\AndroidManifest.xml:11:22-78
uses-permission#android.permission.ACCESS_NETWORK_STATE
ADDED from work_two\DebrisTravels\AndroidManifest.xml:12:5-78
	android:name
		ADDED from work_two\DebrisTravels\AndroidManifest.xml:12:22-76
uses-permission#android.permission.INTERNET
ADDED from work_two\DebrisTravels\AndroidManifest.xml:14:1-62
	android:name
		ADDED from work_two\DebrisTravels\AndroidManifest.xml:14:18-60
uses-permission#android.permission.READ_PHONE_STATE
ADDED from work_two\DebrisTravels\AndroidManifest.xml:16:1-71
	android:name
		ADDED from work_two\DebrisTravels\AndroidManifest.xml:16:18-68
uses-permission#com.android.launcher.permission.READ_SETTINGS
ADDED from work_two\DebrisTravels\AndroidManifest.xml:18:1-81
	android:name
		ADDED from work_two\DebrisTravels\AndroidManifest.xml:18:18-78
uses-permission#android.permission.ACCESS_WIFI_STATE
ADDED from work_two\DebrisTravels\AndroidManifest.xml:20:1-72
	android:name
		ADDED from work_two\DebrisTravels\AndroidManifest.xml:20:18-69
uses-permission#android.permission.WRITE_EXTERNAL_STORAGE
ADDED from work_two\DebrisTravels\AndroidManifest.xml:22:1-76
	android:name
		ADDED from work_two\DebrisTravels\AndroidManifest.xml:22:18-74
uses-permission#android.permission.WRITE_SETTINGS
ADDED from work_two\DebrisTravels\AndroidManifest.xml:24:1-69
	android:name
		ADDED from work_two\DebrisTravels\AndroidManifest.xml:24:18-66
uses-permission#android.permission.GET_TASKS
ADDED from work_two\DebrisTravels\AndroidManifest.xml:26:1-64
	android:name
		ADDED from work_two\DebrisTravels\AndroidManifest.xml:26:18-61
uses-permission#android.permission.CAMERA
ADDED from work_two\DebrisTravels\AndroidManifest.xml:28:1-61
	android:name
		ADDED from work_two\DebrisTravels\AndroidManifest.xml:28:18-58
application
ADDED from work_two\DebrisTravels\AndroidManifest.xml:32:5-66:19
MERGED from [com.scwang.smartrefresh:SmartRefreshLayout:1.0.3] AndroidManifest.xml:11:5-15:19
MERGED from [com.android.support:design:26.0.0-alpha1] AndroidManifest.xml:29:5-20
MERGED from [com.android.support:transition:26.0.0-alpha1] AndroidManifest.xml:26:5-20
MERGED from [com.android.support:appcompat-v7:26.0.0-alpha1] AndroidManifest.xml:29:5-20
MERGED from [com.android.support:animated-vector-drawable:26.0.0-alpha1] AndroidManifest.xml:26:5-20
MERGED from [com.android.support:support-vector-drawable:26.0.0-alpha1] AndroidManifest.xml:26:5-20
MERGED from [com.android.support:support-v13:26.0.0-alpha1] AndroidManifest.xml:29:5-20
MERGED from [com.android.support:support-v4:26.0.0-alpha1] AndroidManifest.xml:29:5-20
MERGED from [com.android.support:support-media-compat:26.0.0-alpha1] AndroidManifest.xml:29:5-20
MERGED from [com.android.support:support-fragment:26.0.0-alpha1] AndroidManifest.xml:29:5-20
MERGED from [com.android.support:support-core-ui:26.0.0-alpha1] AndroidManifest.xml:29:5-20
MERGED from [com.android.support:support-core-utils:26.0.0-alpha1] AndroidManifest.xml:29:5-20
MERGED from [com.android.support:support-compat:26.0.0-alpha1] AndroidManifest.xml:29:5-20
	android:label
		ADDED from work_two\DebrisTravels\AndroidManifest.xml:35:9-41
	android:supportsRtl
		ADDED from work_two\DebrisTravels\AndroidManifest.xml:36:9-35
	android:allowBackup
		ADDED from work_two\DebrisTravels\AndroidManifest.xml:33:9-35
	android:icon
		ADDED from work_two\DebrisTravels\AndroidManifest.xml:34:9-45
	android:theme
		ADDED from work_two\DebrisTravels\AndroidManifest.xml:38:9-40
	android:name
		ADDED from work_two\DebrisTravels\AndroidManifest.xml:37:9-60
meta-data#com.baidu.lbsapi.API_KEY
ADDED from work_two\DebrisTravels\AndroidManifest.xml:40:10-42:60
	android:value
		ADDED from work_two\DebrisTravels\AndroidManifest.xml:42:9-57
	android:name
		ADDED from work_two\DebrisTravels\AndroidManifest.xml:41:9-48
service#com.baidu.location.f
ADDED from work_two\DebrisTravels\AndroidManifest.xml:44:9-114
	android:enabled
		ADDED from work_two\DebrisTravels\AndroidManifest.xml:44:80-102
	android:process
		ADDED from work_two\DebrisTravels\AndroidManifest.xml:44:54-79
	android:name
		ADDED from work_two\DebrisTravels\AndroidManifest.xml:44:18-53
activity#com.example.debristravels.MainActivity
ADDED from work_two\DebrisTravels\AndroidManifest.xml:46:9-54:20
	android:name
		ADDED from work_two\DebrisTravels\AndroidManifest.xml:47:13-41
intent-filter#android.intent.action.MAIN+android.intent.category.LAUNCHER
ADDED from work_two\DebrisTravels\AndroidManifest.xml:49:13-53:29
action#android.intent.action.MAIN
ADDED from work_two\DebrisTravels\AndroidManifest.xml:50:17-69
	android:name
		ADDED from work_two\DebrisTravels\AndroidManifest.xml:50:25-66
category#android.intent.category.LAUNCHER
ADDED from work_two\DebrisTravels\AndroidManifest.xml:52:17-77
	android:name
		ADDED from work_two\DebrisTravels\AndroidManifest.xml:52:27-74
activity#com.example.debristravels.AttractionFraActivity
ADDED from work_two\DebrisTravels\AndroidManifest.xml:56:10-59:20
	android:label
		ADDED from work_two\DebrisTravels\AndroidManifest.xml:58:13-45
	android:name
		ADDED from work_two\DebrisTravels\AndroidManifest.xml:57:13-50
activity#com.example.debristravels.MyCamera
ADDED from work_two\DebrisTravels\AndroidManifest.xml:61:9-63:36
	android:name
		ADDED from work_two\DebrisTravels\AndroidManifest.xml:62:13-37
meta-data#android.support.VERSION
ADDED from [com.android.support:design:26.0.0-alpha1] AndroidManifest.xml:25:5-27:41
MERGED from [com.android.support:recyclerview-v7:26.0.0-alpha1] AndroidManifest.xml:22:5-24:41
MERGED from [com.android.support:transition:26.0.0-alpha1] AndroidManifest.xml:22:5-24:41
MERGED from [com.android.support:appcompat-v7:26.0.0-alpha1] AndroidManifest.xml:25:5-27:41
MERGED from [com.android.support:animated-vector-drawable:26.0.0-alpha1] AndroidManifest.xml:22:5-24:41
MERGED from [com.android.support:support-vector-drawable:26.0.0-alpha1] AndroidManifest.xml:22:5-24:41
MERGED from [com.android.support:support-v13:26.0.0-alpha1] AndroidManifest.xml:25:5-27:41
MERGED from [com.android.support:support-v4:26.0.0-alpha1] AndroidManifest.xml:25:5-27:41
MERGED from [com.android.support:support-media-compat:26.0.0-alpha1] AndroidManifest.xml:25:5-27:41
MERGED from [com.android.support:support-fragment:26.0.0-alpha1] AndroidManifest.xml:25:5-27:41
MERGED from [com.android.support:support-core-ui:26.0.0-alpha1] AndroidManifest.xml:25:5-27:41
MERGED from [com.android.support:support-core-utils:26.0.0-alpha1] AndroidManifest.xml:25:5-27:41
MERGED from [com.android.support:support-compat:26.0.0-alpha1] AndroidManifest.xml:25:5-27:41
	android:value
		ADDED from [com.android.support:design:26.0.0-alpha1] AndroidManifest.xml:27:9-38
	android:name
		ADDED from [com.android.support:design:26.0.0-alpha1] AndroidManifest.xml:26:9-47